<?xml version="1.0" encoding="UTF-8"?>
<!-- Generated by org.testng.reporters.JUnitReportReporter -->
<testsuite hostname="DESKTOP-SDOFJBM" failures="0" tests="1" name="com.qa.automation.fashion.login.LoginTest" time="3.333" errors="0" timestamp="2023-08-29T17:24:14 IST" skipped="0">
  <testcase classname="com.qa.automation.fashion.login.LoginTest" name="run" time="3.333"/>
  <system-out/>
</testsuite> <!-- com.qa.automation.fashion.login.LoginTest -->
