<?xml version="1.0" encoding="UTF-8"?>
<!-- Generated by org.testng.reporters.JUnitReportReporter -->
<testsuite hostname="DESKTOP-SDOFJBM" failures="0" tests="1" name="com.qa.automation.fashion.base.DriverInitialization" time="6.200" errors="0" timestamp="2023-08-29T11:02:49 IST" skipped="0">
  <testcase classname="com.qa.automation.fashion.base.DriverInitialization" name="main" time="6.200"/>
  <system-out/>
</testsuite> <!-- com.qa.automation.fashion.base.DriverInitialization -->
