<?xml version="1.0" encoding="UTF-8"?>
<!-- Generated by org.testng.reporters.JUnitReportReporter -->
<testsuite hostname="DESKTOP-SDOFJBM" failures="0" tests="1" name="com.qa.automation.fashion.login.SignUpTest" time="4.922" errors="0" timestamp="2023-08-29T16:51:05 IST" skipped="0">
  <testcase classname="com.qa.automation.fashion.login.SignUpTest" name="run" time="4.922"/>
  <system-out/>
</testsuite> <!-- com.qa.automation.fashion.login.SignUpTest -->
