<?xml version="1.0" encoding="UTF-8"?>
<!-- Generated by org.testng.reporters.JUnitReportReporter -->
<testsuite hostname="DESKTOP-SDOFJBM" failures="0" tests="1" name="com.qa.automation.fashion.testcases.HomeArrivalTest" time="5.756" errors="0" timestamp="2023-08-30T10:05:12 IST" skipped="0">
  <testcase classname="com.qa.automation.fashion.testcases.HomeArrivalTest" name="homeArrival" time="5.756"/>
  <system-out/>
</testsuite> <!-- com.qa.automation.fashion.testcases.HomeArrivalTest -->
